Performing C SOURCE FILE Test CMAKE_HAVE_LIBC_PTHREAD failed with the following output:
Change Dir: /afs/cern.ch/user/a/asudhaka/hlt_bbtautau_trigger_emulation/Process_Rate_AODs/build/CMakeFiles/CMakeTmp

Run Build Command(s):/usr/bin/gmake -f Makefile cmTC_45354/fast && /usr/bin/gmake  -f CMakeFiles/cmTC_45354.dir/build.make CMakeFiles/cmTC_45354.dir/build
gmake[1]: Entering directory `/afs/cern.ch/user/a/asudhaka/hlt_bbtautau_trigger_emulation/Process_Rate_AODs/build/CMakeFiles/CMakeTmp'
Building C object CMakeFiles/cmTC_45354.dir/src.c.o
/cvmfs/sft.cern.ch/lcg/releases/gcc/11.2.0-8a51a/x86_64-centos7/bin/gcc -DCMAKE_HAVE_LIBC_PTHREAD   -o CMakeFiles/cmTC_45354.dir/src.c.o -c /afs/cern.ch/user/a/asudhaka/hlt_bbtautau_trigger_emulation/Process_Rate_AODs/build/CMakeFiles/CMakeTmp/src.c
Linking C executable cmTC_45354
/cvmfs/atlas.cern.ch/repo/ATLASLocalRootBase/x86_64/Cmake/3.21.3/Linux-x86_64/bin/cmake -E cmake_link_script CMakeFiles/cmTC_45354.dir/link.txt --verbose=1
/cvmfs/sft.cern.ch/lcg/releases/gcc/11.2.0-8a51a/x86_64-centos7/bin/gcc CMakeFiles/cmTC_45354.dir/src.c.o -o cmTC_45354 
/cvmfs/sft.cern.ch/lcg/releases/binutils/2.37-355ed/x86_64-centos7/bin/ld: CMakeFiles/cmTC_45354.dir/src.c.o: in function `main':
src.c:(.text+0x2d): undefined reference to `pthread_create'
/cvmfs/sft.cern.ch/lcg/releases/binutils/2.37-355ed/x86_64-centos7/bin/ld: src.c:(.text+0x39): undefined reference to `pthread_detach'
/cvmfs/sft.cern.ch/lcg/releases/binutils/2.37-355ed/x86_64-centos7/bin/ld: src.c:(.text+0x45): undefined reference to `pthread_cancel'
/cvmfs/sft.cern.ch/lcg/releases/binutils/2.37-355ed/x86_64-centos7/bin/ld: src.c:(.text+0x56): undefined reference to `pthread_join'
/cvmfs/sft.cern.ch/lcg/releases/binutils/2.37-355ed/x86_64-centos7/bin/ld: src.c:(.text+0x6a): undefined reference to `pthread_atfork'
collect2: error: ld returned 1 exit status
gmake[1]: *** [cmTC_45354] Error 1
gmake[1]: Leaving directory `/afs/cern.ch/user/a/asudhaka/hlt_bbtautau_trigger_emulation/Process_Rate_AODs/build/CMakeFiles/CMakeTmp'
gmake: *** [cmTC_45354/fast] Error 2


Source file was:
#include <pthread.h>

static void* test_func(void* data)
{
  return data;
}

int main(void)
{
  pthread_t thread;
  pthread_create(&thread, NULL, test_func, NULL);
  pthread_detach(thread);
  pthread_cancel(thread);
  pthread_join(thread, NULL);
  pthread_atfork(NULL, NULL, NULL);
  pthread_exit(NULL);

  return 0;
}

